2024-05-08T21:01:54.938+0700 INFO info message
2024-05-08T21:01:54.942+0700 ERROR info message
2024-05-08T21:01:55.090+0700 INFO info message
2024-05-08T21:01:55.090+0700 ERROR info message
2024-05-08T21:01:55.388+0700 INFO HV000001: Hibernate Validator 8.0.1.Final
2024-05-08T21:01:55.442+0700 INFO Starting Main using Java 19.0.1 with PID 13192 (E:\MyJob\calendar_api\target\classes started by Тагир in E:\MyJob\calendar_api)
2024-05-08T21:01:55.447+0700 INFO No active profile set, falling back to 1 default profile: "default"
2024-05-08T21:01:55.761+0700 INFO Devtools property defaults active! Set 'spring.devtools.add-properties' to 'false' to disable
2024-05-08T21:01:55.762+0700 INFO For additional web related logging consider setting the 'logging.level.web' property to 'DEBUG'
2024-05-08T21:01:56.586+0700 INFO Bootstrapping Spring Data JPA repositories in DEFAULT mode.
2024-05-08T21:01:56.677+0700 INFO Finished Spring Data repository scanning in 86 ms. Found 10 JPA repository interfaces.
2024-05-08T21:01:57.063+0700 INFO Tomcat initialized with port 8080 (http)
2024-05-08T21:01:57.071+0700 INFO Initializing ProtocolHandler ["http-nio-8080"]
2024-05-08T21:01:57.074+0700 INFO Starting service [Tomcat]
2024-05-08T21:01:57.074+0700 INFO Starting Servlet engine: [Apache Tomcat/10.1.18]
2024-05-08T21:01:57.105+0700 INFO Initializing Spring embedded WebApplicationContext
2024-05-08T21:01:57.105+0700 INFO Root WebApplicationContext: initialization completed in 1343 ms
2024-05-08T21:01:57.219+0700 INFO HHH000204: Processing PersistenceUnitInfo [name: default]
2024-05-08T21:01:57.253+0700 INFO HHH000412: Hibernate ORM core version 6.4.1.Final
2024-05-08T21:01:57.277+0700 INFO HHH000026: Second-level cache disabled
2024-05-08T21:01:57.416+0700 INFO No LoadTimeWeaver setup: ignoring JPA class transformer
2024-05-08T21:01:57.437+0700 INFO HikariPool-1 - Starting...
2024-05-08T21:01:57.538+0700 INFO HikariPool-1 - Added connection org.postgresql.jdbc.PgConnection@264d0278
2024-05-08T21:01:57.539+0700 INFO HikariPool-1 - Start completed.
2024-05-08T21:01:58.561+0700 INFO HHH000489: No JTA platform available (set 'hibernate.transaction.jta.platform' to enable JTA platform integration)
2024-05-08T21:01:58.608+0700 INFO Initialized JPA EntityManagerFactory for persistence unit 'default'
2024-05-08T21:01:59.123+0700 WARN spring.jpa.open-in-view is enabled by default. Therefore, database queries may be performed during view rendering. Explicitly configure spring.jpa.open-in-view to disable this warning
2024-05-08T21:01:59.140+0700 INFO Adding welcome page template: index
2024-05-08T21:01:59.393+0700 WARN Exception encountered during context initialization - cancelling refresh attempt: org.springframework.beans.factory.BeanCreationException: Error creating bean with name 'dataSourceScriptDatabaseInitializer' defined in class path resource [org/springframework/boot/autoconfigure/sql/init/DataSourceInitializationConfiguration.class]: Failed to execute database script from resource [file [E:\MyJob\calendar_api\target\classes\schema.sql]]
2024-05-08T21:01:59.394+0700 INFO Closing JPA EntityManagerFactory for persistence unit 'default'
2024-05-08T21:01:59.396+0700 INFO HikariPool-1 - Shutdown initiated...
2024-05-08T21:01:59.400+0700 INFO HikariPool-1 - Shutdown completed.
2024-05-08T21:01:59.403+0700 INFO Stopping service [Tomcat]
2024-05-08T21:01:59.411+0700 INFO 

Error starting ApplicationContext. To display the condition evaluation report re-run your application with 'debug' enabled.
2024-05-08T21:01:59.426+0700 ERROR Application run failed
org.springframework.beans.factory.BeanCreationException: Error creating bean with name 'dataSourceScriptDatabaseInitializer' defined in class path resource [org/springframework/boot/autoconfigure/sql/init/DataSourceInitializationConfiguration.class]: Failed to execute database script from resource [file [E:\MyJob\calendar_api\target\classes\schema.sql]]
	at org.springframework.beans.factory.support.AbstractAutowireCapableBeanFactory.initializeBean(AbstractAutowireCapableBeanFactory.java:1773) ~[spring-beans-6.1.3.jar:6.1.3]
	at org.springframework.beans.factory.support.AbstractAutowireCapableBeanFactory.doCreateBean(AbstractAutowireCapableBeanFactory.java:599) ~[spring-beans-6.1.3.jar:6.1.3]
	at org.springframework.beans.factory.support.AbstractAutowireCapableBeanFactory.createBean(AbstractAutowireCapableBeanFactory.java:521) ~[spring-beans-6.1.3.jar:6.1.3]
	at org.springframework.beans.factory.support.AbstractBeanFactory.lambda$doGetBean$0(AbstractBeanFactory.java:325) ~[spring-beans-6.1.3.jar:6.1.3]
	at org.springframework.beans.factory.support.DefaultSingletonBeanRegistry.getSingleton(DefaultSingletonBeanRegistry.java:234) ~[spring-beans-6.1.3.jar:6.1.3]
	at org.springframework.beans.factory.support.AbstractBeanFactory.doGetBean(AbstractBeanFactory.java:323) ~[spring-beans-6.1.3.jar:6.1.3]
	at org.springframework.beans.factory.support.AbstractBeanFactory.getBean(AbstractBeanFactory.java:199) ~[spring-beans-6.1.3.jar:6.1.3]
	at org.springframework.beans.factory.support.AbstractBeanFactory.doGetBean(AbstractBeanFactory.java:312) ~[spring-beans-6.1.3.jar:6.1.3]
	at org.springframework.beans.factory.support.AbstractBeanFactory.getBean(AbstractBeanFactory.java:199) ~[spring-beans-6.1.3.jar:6.1.3]
	at org.springframework.beans.factory.support.DefaultListableBeanFactory.preInstantiateSingletons(DefaultListableBeanFactory.java:975) ~[spring-beans-6.1.3.jar:6.1.3]
	at org.springframework.context.support.AbstractApplicationContext.finishBeanFactoryInitialization(AbstractApplicationContext.java:959) ~[spring-context-6.1.3.jar:6.1.3]
	at org.springframework.context.support.AbstractApplicationContext.refresh(AbstractApplicationContext.java:624) ~[spring-context-6.1.3.jar:6.1.3]
	at org.springframework.boot.web.servlet.context.ServletWebServerApplicationContext.refresh(ServletWebServerApplicationContext.java:146) ~[spring-boot-3.2.2.jar:3.2.2]
	at org.springframework.boot.SpringApplication.refresh(SpringApplication.java:754) [spring-boot-3.2.2.jar:3.2.2]
	at org.springframework.boot.SpringApplication.refreshContext(SpringApplication.java:456) [spring-boot-3.2.2.jar:3.2.2]
	at org.springframework.boot.SpringApplication.run(SpringApplication.java:334) [spring-boot-3.2.2.jar:3.2.2]
	at org.springframework.boot.SpringApplication.run(SpringApplication.java:1354) [spring-boot-3.2.2.jar:3.2.2]
	at org.springframework.boot.SpringApplication.run(SpringApplication.java:1343) [spring-boot-3.2.2.jar:3.2.2]
	at ru.tomsknipineft.Main.main(Main.java:20) [classes/:?]
	at java.base/jdk.internal.reflect.DirectMethodHandleAccessor.invoke(DirectMethodHandleAccessor.java:104) ~[?:?]
	at java.base/java.lang.reflect.Method.invoke(Method.java:578) ~[?:?]
	at org.springframework.boot.devtools.restart.RestartLauncher.run(RestartLauncher.java:50) [spring-boot-devtools-3.2.2.jar:3.2.2]
Caused by: org.springframework.jdbc.datasource.init.UncategorizedScriptException: Failed to execute database script from resource [file [E:\MyJob\calendar_api\target\classes\schema.sql]]
	at org.springframework.jdbc.datasource.init.ScriptUtils.executeSqlScript(ScriptUtils.java:305) ~[spring-jdbc-6.1.3.jar:6.1.3]
	at org.springframework.jdbc.datasource.init.ResourceDatabasePopulator.populate(ResourceDatabasePopulator.java:254) ~[spring-jdbc-6.1.3.jar:6.1.3]
	at org.springframework.jdbc.datasource.init.DatabasePopulatorUtils.execute(DatabasePopulatorUtils.java:54) ~[spring-jdbc-6.1.3.jar:6.1.3]
	at org.springframework.boot.jdbc.init.DataSourceScriptDatabaseInitializer.runScripts(DataSourceScriptDatabaseInitializer.java:87) ~[spring-boot-3.2.2.jar:3.2.2]
	at org.springframework.boot.sql.init.AbstractScriptDatabaseInitializer.runScripts(AbstractScriptDatabaseInitializer.java:146) ~[spring-boot-3.2.2.jar:3.2.2]
	at org.springframework.boot.sql.init.AbstractScriptDatabaseInitializer.applyScripts(AbstractScriptDatabaseInitializer.java:108) ~[spring-boot-3.2.2.jar:3.2.2]
	at org.springframework.boot.sql.init.AbstractScriptDatabaseInitializer.applySchemaScripts(AbstractScriptDatabaseInitializer.java:98) ~[spring-boot-3.2.2.jar:3.2.2]
	at org.springframework.boot.sql.init.AbstractScriptDatabaseInitializer.initializeDatabase(AbstractScriptDatabaseInitializer.java:76) ~[spring-boot-3.2.2.jar:3.2.2]
	at org.springframework.boot.sql.init.AbstractScriptDatabaseInitializer.afterPropertiesSet(AbstractScriptDatabaseInitializer.java:66) ~[spring-boot-3.2.2.jar:3.2.2]
	at org.springframework.beans.factory.support.AbstractAutowireCapableBeanFactory.invokeInitMethods(AbstractAutowireCapableBeanFactory.java:1820) ~[spring-beans-6.1.3.jar:6.1.3]
	at org.springframework.beans.factory.support.AbstractAutowireCapableBeanFactory.initializeBean(AbstractAutowireCapableBeanFactory.java:1769) ~[spring-beans-6.1.3.jar:6.1.3]
	... 21 more
Caused by: java.lang.IllegalArgumentException: 'script' must not be null or empty
	at org.springframework.util.Assert.hasText(Assert.java:240) ~[spring-core-6.1.3.jar:6.1.3]
	at org.springframework.jdbc.datasource.init.ScriptUtils.splitSqlScript(ScriptUtils.java:475) ~[spring-jdbc-6.1.3.jar:6.1.3]
	at org.springframework.jdbc.datasource.init.ScriptUtils.executeSqlScript(ScriptUtils.java:252) ~[spring-jdbc-6.1.3.jar:6.1.3]
	at org.springframework.jdbc.datasource.init.ResourceDatabasePopulator.populate(ResourceDatabasePopulator.java:254) ~[spring-jdbc-6.1.3.jar:6.1.3]
	at org.springframework.jdbc.datasource.init.DatabasePopulatorUtils.execute(DatabasePopulatorUtils.java:54) ~[spring-jdbc-6.1.3.jar:6.1.3]
	at org.springframework.boot.jdbc.init.DataSourceScriptDatabaseInitializer.runScripts(DataSourceScriptDatabaseInitializer.java:87) ~[spring-boot-3.2.2.jar:3.2.2]
	at org.springframework.boot.sql.init.AbstractScriptDatabaseInitializer.runScripts(AbstractScriptDatabaseInitializer.java:146) ~[spring-boot-3.2.2.jar:3.2.2]
	at org.springframework.boot.sql.init.AbstractScriptDatabaseInitializer.applyScripts(AbstractScriptDatabaseInitializer.java:108) ~[spring-boot-3.2.2.jar:3.2.2]
	at org.springframework.boot.sql.init.AbstractScriptDatabaseInitializer.applySchemaScripts(AbstractScriptDatabaseInitializer.java:98) ~[spring-boot-3.2.2.jar:3.2.2]
	at org.springframework.boot.sql.init.AbstractScriptDatabaseInitializer.initializeDatabase(AbstractScriptDatabaseInitializer.java:76) ~[spring-boot-3.2.2.jar:3.2.2]
	at org.springframework.boot.sql.init.AbstractScriptDatabaseInitializer.afterPropertiesSet(AbstractScriptDatabaseInitializer.java:66) ~[spring-boot-3.2.2.jar:3.2.2]
	at org.springframework.beans.factory.support.AbstractAutowireCapableBeanFactory.invokeInitMethods(AbstractAutowireCapableBeanFactory.java:1820) ~[spring-beans-6.1.3.jar:6.1.3]
	at org.springframework.beans.factory.support.AbstractAutowireCapableBeanFactory.initializeBean(AbstractAutowireCapableBeanFactory.java:1769) ~[spring-beans-6.1.3.jar:6.1.3]
	... 21 more
