2024-05-09T21:36:18.226+0700 INFO info message
2024-05-09T21:36:18.237+0700 ERROR info message
2024-05-09T21:36:18.394+0700 INFO info message
2024-05-09T21:36:18.394+0700 ERROR info message
2024-05-09T21:36:18.704+0700 INFO HV000001: Hibernate Validator 8.0.1.Final
2024-05-09T21:36:18.760+0700 INFO Starting Main using Java 19.0.1 with PID 18604 (E:\MyJob\calendar_api\target\classes started by Тагир in E:\MyJob\calendar_api)
2024-05-09T21:36:18.765+0700 INFO No active profile set, falling back to 1 default profile: "default"
2024-05-09T21:36:19.099+0700 INFO Devtools property defaults active! Set 'spring.devtools.add-properties' to 'false' to disable
2024-05-09T21:36:19.100+0700 INFO For additional web related logging consider setting the 'logging.level.web' property to 'DEBUG'
2024-05-09T21:36:19.950+0700 INFO Bootstrapping Spring Data JPA repositories in DEFAULT mode.
2024-05-09T21:36:20.026+0700 INFO Finished Spring Data repository scanning in 68 ms. Found 10 JPA repository interfaces.
2024-05-09T21:36:20.500+0700 INFO Tomcat initialized with port 8080 (http)
2024-05-09T21:36:20.510+0700 INFO Initializing ProtocolHandler ["http-nio-8080"]
2024-05-09T21:36:20.513+0700 INFO Starting service [Tomcat]
2024-05-09T21:36:20.514+0700 INFO Starting Servlet engine: [Apache Tomcat/10.1.18]
2024-05-09T21:36:20.554+0700 INFO Initializing Spring embedded WebApplicationContext
2024-05-09T21:36:20.555+0700 INFO Root WebApplicationContext: initialization completed in 1453 ms
2024-05-09T21:36:20.681+0700 INFO HHH000204: Processing PersistenceUnitInfo [name: default]
2024-05-09T21:36:20.710+0700 INFO HHH000412: Hibernate ORM core version 6.4.1.Final
2024-05-09T21:36:20.732+0700 INFO HHH000026: Second-level cache disabled
2024-05-09T21:36:20.852+0700 INFO No LoadTimeWeaver setup: ignoring JPA class transformer
2024-05-09T21:36:20.874+0700 INFO HikariPool-1 - Starting...
2024-05-09T21:36:20.959+0700 INFO HikariPool-1 - Added connection org.postgresql.jdbc.PgConnection@54c92e76
2024-05-09T21:36:20.961+0700 INFO HikariPool-1 - Start completed.
2024-05-09T21:36:21.809+0700 INFO HHH000489: No JTA platform available (set 'hibernate.transaction.jta.platform' to enable JTA platform integration)
2024-05-09T21:36:21.865+0700 INFO Initialized JPA EntityManagerFactory for persistence unit 'default'
2024-05-09T21:36:22.359+0700 WARN spring.jpa.open-in-view is enabled by default. Therefore, database queries may be performed during view rendering. Explicitly configure spring.jpa.open-in-view to disable this warning
2024-05-09T21:36:22.371+0700 INFO Adding welcome page template: index
2024-05-09T21:36:22.694+0700 WARN Exception encountered during context initialization - cancelling refresh attempt: org.springframework.beans.factory.BeanCreationException: Error creating bean with name 'dataSourceScriptDatabaseInitializer' defined in class path resource [org/springframework/boot/autoconfigure/sql/init/DataSourceInitializationConfiguration.class]: Failed to execute SQL script statement #5 of file [E:\MyJob\calendar_api\target\classes\data.sql]: INSERT INTO roads (id, active, object_type, bridge_exist, bridge_road_count, bridge_road_length, category, length, stage, resource_for_eng_survey, resource_for_lab_research, resource_for_eng_survey_report, resource_for_work_doc, resource_for_proj_doc, resource_for_est_doc) VALUES (1, 'true', 'LINEAR', 'false', 0, 0, 4, 1, 1, 21, 10, 15, 10, 21, 21)
2024-05-09T21:36:22.695+0700 INFO Closing JPA EntityManagerFactory for persistence unit 'default'
2024-05-09T21:36:22.697+0700 INFO HikariPool-1 - Shutdown initiated...
2024-05-09T21:36:22.701+0700 INFO HikariPool-1 - Shutdown completed.
2024-05-09T21:36:22.704+0700 INFO Stopping service [Tomcat]
2024-05-09T21:36:22.713+0700 INFO 

Error starting ApplicationContext. To display the condition evaluation report re-run your application with 'debug' enabled.
2024-05-09T21:36:22.726+0700 ERROR Application run failed
org.springframework.beans.factory.BeanCreationException: Error creating bean with name 'dataSourceScriptDatabaseInitializer' defined in class path resource [org/springframework/boot/autoconfigure/sql/init/DataSourceInitializationConfiguration.class]: Failed to execute SQL script statement #5 of file [E:\MyJob\calendar_api\target\classes\data.sql]: INSERT INTO roads (id, active, object_type, bridge_exist, bridge_road_count, bridge_road_length, category, length, stage, resource_for_eng_survey, resource_for_lab_research, resource_for_eng_survey_report, resource_for_work_doc, resource_for_proj_doc, resource_for_est_doc) VALUES (1, 'true', 'LINEAR', 'false', 0, 0, 4, 1, 1, 21, 10, 15, 10, 21, 21)
	at org.springframework.beans.factory.support.AbstractAutowireCapableBeanFactory.initializeBean(AbstractAutowireCapableBeanFactory.java:1773) ~[spring-beans-6.1.3.jar:6.1.3]
	at org.springframework.beans.factory.support.AbstractAutowireCapableBeanFactory.doCreateBean(AbstractAutowireCapableBeanFactory.java:599) ~[spring-beans-6.1.3.jar:6.1.3]
	at org.springframework.beans.factory.support.AbstractAutowireCapableBeanFactory.createBean(AbstractAutowireCapableBeanFactory.java:521) ~[spring-beans-6.1.3.jar:6.1.3]
	at org.springframework.beans.factory.support.AbstractBeanFactory.lambda$doGetBean$0(AbstractBeanFactory.java:325) ~[spring-beans-6.1.3.jar:6.1.3]
	at org.springframework.beans.factory.support.DefaultSingletonBeanRegistry.getSingleton(DefaultSingletonBeanRegistry.java:234) ~[spring-beans-6.1.3.jar:6.1.3]
	at org.springframework.beans.factory.support.AbstractBeanFactory.doGetBean(AbstractBeanFactory.java:323) ~[spring-beans-6.1.3.jar:6.1.3]
	at org.springframework.beans.factory.support.AbstractBeanFactory.getBean(AbstractBeanFactory.java:199) ~[spring-beans-6.1.3.jar:6.1.3]
	at org.springframework.beans.factory.support.AbstractBeanFactory.doGetBean(AbstractBeanFactory.java:312) ~[spring-beans-6.1.3.jar:6.1.3]
	at org.springframework.beans.factory.support.AbstractBeanFactory.getBean(AbstractBeanFactory.java:199) ~[spring-beans-6.1.3.jar:6.1.3]
	at org.springframework.beans.factory.support.DefaultListableBeanFactory.preInstantiateSingletons(DefaultListableBeanFactory.java:975) ~[spring-beans-6.1.3.jar:6.1.3]
	at org.springframework.context.support.AbstractApplicationContext.finishBeanFactoryInitialization(AbstractApplicationContext.java:959) ~[spring-context-6.1.3.jar:6.1.3]
	at org.springframework.context.support.AbstractApplicationContext.refresh(AbstractApplicationContext.java:624) ~[spring-context-6.1.3.jar:6.1.3]
	at org.springframework.boot.web.servlet.context.ServletWebServerApplicationContext.refresh(ServletWebServerApplicationContext.java:146) ~[spring-boot-3.2.2.jar:3.2.2]
	at org.springframework.boot.SpringApplication.refresh(SpringApplication.java:754) [spring-boot-3.2.2.jar:3.2.2]
	at org.springframework.boot.SpringApplication.refreshContext(SpringApplication.java:456) [spring-boot-3.2.2.jar:3.2.2]
	at org.springframework.boot.SpringApplication.run(SpringApplication.java:334) [spring-boot-3.2.2.jar:3.2.2]
	at org.springframework.boot.SpringApplication.run(SpringApplication.java:1354) [spring-boot-3.2.2.jar:3.2.2]
	at org.springframework.boot.SpringApplication.run(SpringApplication.java:1343) [spring-boot-3.2.2.jar:3.2.2]
	at ru.tomsknipineft.Main.main(Main.java:20) [classes/:?]
	at java.base/jdk.internal.reflect.DirectMethodHandleAccessor.invoke(DirectMethodHandleAccessor.java:104) ~[?:?]
	at java.base/java.lang.reflect.Method.invoke(Method.java:578) ~[?:?]
	at org.springframework.boot.devtools.restart.RestartLauncher.run(RestartLauncher.java:50) [spring-boot-devtools-3.2.2.jar:3.2.2]
Caused by: org.springframework.jdbc.datasource.init.ScriptStatementFailedException: Failed to execute SQL script statement #5 of file [E:\MyJob\calendar_api\target\classes\data.sql]: INSERT INTO roads (id, active, object_type, bridge_exist, bridge_road_count, bridge_road_length, category, length, stage, resource_for_eng_survey, resource_for_lab_research, resource_for_eng_survey_report, resource_for_work_doc, resource_for_proj_doc, resource_for_est_doc) VALUES (1, 'true', 'LINEAR', 'false', 0, 0, 4, 1, 1, 21, 10, 15, 10, 21, 21)
	at org.springframework.jdbc.datasource.init.ScriptUtils.executeSqlScript(ScriptUtils.java:282) ~[spring-jdbc-6.1.3.jar:6.1.3]
	at org.springframework.jdbc.datasource.init.ResourceDatabasePopulator.populate(ResourceDatabasePopulator.java:254) ~[spring-jdbc-6.1.3.jar:6.1.3]
	at org.springframework.jdbc.datasource.init.DatabasePopulatorUtils.execute(DatabasePopulatorUtils.java:54) ~[spring-jdbc-6.1.3.jar:6.1.3]
	at org.springframework.boot.jdbc.init.DataSourceScriptDatabaseInitializer.runScripts(DataSourceScriptDatabaseInitializer.java:87) ~[spring-boot-3.2.2.jar:3.2.2]
	at org.springframework.boot.sql.init.AbstractScriptDatabaseInitializer.runScripts(AbstractScriptDatabaseInitializer.java:146) ~[spring-boot-3.2.2.jar:3.2.2]
	at org.springframework.boot.sql.init.AbstractScriptDatabaseInitializer.applyScripts(AbstractScriptDatabaseInitializer.java:108) ~[spring-boot-3.2.2.jar:3.2.2]
	at org.springframework.boot.sql.init.AbstractScriptDatabaseInitializer.applyDataScripts(AbstractScriptDatabaseInitializer.java:102) ~[spring-boot-3.2.2.jar:3.2.2]
	at org.springframework.boot.sql.init.AbstractScriptDatabaseInitializer.initializeDatabase(AbstractScriptDatabaseInitializer.java:77) ~[spring-boot-3.2.2.jar:3.2.2]
	at org.springframework.boot.sql.init.AbstractScriptDatabaseInitializer.afterPropertiesSet(AbstractScriptDatabaseInitializer.java:66) ~[spring-boot-3.2.2.jar:3.2.2]
	at org.springframework.beans.factory.support.AbstractAutowireCapableBeanFactory.invokeInitMethods(AbstractAutowireCapableBeanFactory.java:1820) ~[spring-beans-6.1.3.jar:6.1.3]
	at org.springframework.beans.factory.support.AbstractAutowireCapableBeanFactory.initializeBean(AbstractAutowireCapableBeanFactory.java:1769) ~[spring-beans-6.1.3.jar:6.1.3]
	... 21 more
Caused by: org.postgresql.util.PSQLException: ERROR: column "bridge_exist" of relation "roads" does not exist
  Позиция: 45
	at org.postgresql.core.v3.QueryExecutorImpl.receiveErrorResponse(QueryExecutorImpl.java:2713) ~[postgresql-42.6.0.jar:42.6.0]
	at org.postgresql.core.v3.QueryExecutorImpl.processResults(QueryExecutorImpl.java:2401) ~[postgresql-42.6.0.jar:42.6.0]
	at org.postgresql.core.v3.QueryExecutorImpl.execute(QueryExecutorImpl.java:368) ~[postgresql-42.6.0.jar:42.6.0]
	at org.postgresql.jdbc.PgStatement.executeInternal(PgStatement.java:498) ~[postgresql-42.6.0.jar:42.6.0]
	at org.postgresql.jdbc.PgStatement.execute(PgStatement.java:415) ~[postgresql-42.6.0.jar:42.6.0]
	at org.postgresql.jdbc.PgStatement.executeWithFlags(PgStatement.java:335) ~[postgresql-42.6.0.jar:42.6.0]
	at org.postgresql.jdbc.PgStatement.executeCachedSql(PgStatement.java:321) ~[postgresql-42.6.0.jar:42.6.0]
	at org.postgresql.jdbc.PgStatement.executeWithFlags(PgStatement.java:297) ~[postgresql-42.6.0.jar:42.6.0]
	at org.postgresql.jdbc.PgStatement.execute(PgStatement.java:292) ~[postgresql-42.6.0.jar:42.6.0]
	at com.zaxxer.hikari.pool.ProxyStatement.execute(ProxyStatement.java:94) ~[HikariCP-5.0.1.jar:?]
	at com.zaxxer.hikari.pool.HikariProxyStatement.execute(HikariProxyStatement.java) ~[HikariCP-5.0.1.jar:?]
	at org.springframework.jdbc.datasource.init.ScriptUtils.executeSqlScript(ScriptUtils.java:261) ~[spring-jdbc-6.1.3.jar:6.1.3]
	at org.springframework.jdbc.datasource.init.ResourceDatabasePopulator.populate(ResourceDatabasePopulator.java:254) ~[spring-jdbc-6.1.3.jar:6.1.3]
	at org.springframework.jdbc.datasource.init.DatabasePopulatorUtils.execute(DatabasePopulatorUtils.java:54) ~[spring-jdbc-6.1.3.jar:6.1.3]
	at org.springframework.boot.jdbc.init.DataSourceScriptDatabaseInitializer.runScripts(DataSourceScriptDatabaseInitializer.java:87) ~[spring-boot-3.2.2.jar:3.2.2]
	at org.springframework.boot.sql.init.AbstractScriptDatabaseInitializer.runScripts(AbstractScriptDatabaseInitializer.java:146) ~[spring-boot-3.2.2.jar:3.2.2]
	at org.springframework.boot.sql.init.AbstractScriptDatabaseInitializer.applyScripts(AbstractScriptDatabaseInitializer.java:108) ~[spring-boot-3.2.2.jar:3.2.2]
	at org.springframework.boot.sql.init.AbstractScriptDatabaseInitializer.applyDataScripts(AbstractScriptDatabaseInitializer.java:102) ~[spring-boot-3.2.2.jar:3.2.2]
	at org.springframework.boot.sql.init.AbstractScriptDatabaseInitializer.initializeDatabase(AbstractScriptDatabaseInitializer.java:77) ~[spring-boot-3.2.2.jar:3.2.2]
	at org.springframework.boot.sql.init.AbstractScriptDatabaseInitializer.afterPropertiesSet(AbstractScriptDatabaseInitializer.java:66) ~[spring-boot-3.2.2.jar:3.2.2]
	at org.springframework.beans.factory.support.AbstractAutowireCapableBeanFactory.invokeInitMethods(AbstractAutowireCapableBeanFactory.java:1820) ~[spring-beans-6.1.3.jar:6.1.3]
	at org.springframework.beans.factory.support.AbstractAutowireCapableBeanFactory.initializeBean(AbstractAutowireCapableBeanFactory.java:1769) ~[spring-beans-6.1.3.jar:6.1.3]
	... 21 more
