2024-05-19T19:02:57.417+0700 INFO info message
2024-05-19T19:02:57.417+0700 ERROR info message
2024-05-19T19:02:57.526+0700 INFO info message
2024-05-19T19:02:57.526+0700 ERROR info message
2024-05-19T19:02:57.745+0700 INFO HV000001: Hibernate Validator 8.0.1.Final
2024-05-19T19:02:57.786+0700 INFO Starting Main using Java 19.0.1 with PID 16304 (E:\MyJob\calendar_api\target\classes started by Тагир in E:\MyJob\calendar_api)
2024-05-19T19:02:57.786+0700 INFO No active profile set, falling back to 1 default profile: "default"
2024-05-19T19:02:58.013+0700 INFO Devtools property defaults active! Set 'spring.devtools.add-properties' to 'false' to disable
2024-05-19T19:02:58.013+0700 INFO For additional web related logging consider setting the 'logging.level.web' property to 'DEBUG'
2024-05-19T19:02:58.558+0700 INFO Bootstrapping Spring Data JPA repositories in DEFAULT mode.
2024-05-19T19:02:58.621+0700 INFO Finished Spring Data repository scanning in 61 ms. Found 12 JPA repository interfaces.
2024-05-19T19:02:59.043+0700 INFO Tomcat initialized with port 8080 (http)
2024-05-19T19:02:59.043+0700 INFO Initializing ProtocolHandler ["http-nio-8080"]
2024-05-19T19:02:59.043+0700 INFO Starting service [Tomcat]
2024-05-19T19:02:59.043+0700 INFO Starting Servlet engine: [Apache Tomcat/10.1.18]
2024-05-19T19:02:59.089+0700 INFO Initializing Spring embedded WebApplicationContext
2024-05-19T19:02:59.089+0700 INFO Root WebApplicationContext: initialization completed in 1076 ms
2024-05-19T19:02:59.121+0700 INFO HikariPool-1 - Starting...
2024-05-19T19:02:59.199+0700 INFO HikariPool-1 - Added connection conn0: url=jdbc:h2:mem:testdb user=SA
2024-05-19T19:02:59.199+0700 INFO HikariPool-1 - Start completed.
2024-05-19T19:02:59.215+0700 INFO H2 console available at '/h2-console'. Database available at 'jdbc:h2:mem:testdb'
2024-05-19T19:02:59.304+0700 INFO HHH000204: Processing PersistenceUnitInfo [name: default]
2024-05-19T19:02:59.335+0700 INFO HHH000412: Hibernate ORM core version 6.4.1.Final
2024-05-19T19:02:59.366+0700 INFO HHH000026: Second-level cache disabled
2024-05-19T19:02:59.491+0700 INFO No LoadTimeWeaver setup: ignoring JPA class transformer
2024-05-19T19:02:59.523+0700 WARN HHH90000025: H2Dialect does not need to be specified explicitly using 'hibernate.dialect' (remove the property setting and it will be selected by default)
2024-05-19T19:03:00.335+0700 INFO HHH000489: No JTA platform available (set 'hibernate.transaction.jta.platform' to enable JTA platform integration)
2024-05-19T19:03:00.382+0700 INFO Initialized JPA EntityManagerFactory for persistence unit 'default'
2024-05-19T19:03:00.960+0700 WARN spring.jpa.open-in-view is enabled by default. Therefore, database queries may be performed during view rendering. Explicitly configure spring.jpa.open-in-view to disable this warning
2024-05-19T19:03:00.976+0700 INFO Adding welcome page template: index
2024-05-19T19:03:01.320+0700 INFO LiveReload server is running on port 35729
2024-05-19T19:03:01.335+0700 INFO Starting ProtocolHandler ["http-nio-8080"]
2024-05-19T19:03:01.351+0700 INFO Tomcat started on port 8080 (http) with context path ''
2024-05-19T19:03:01.351+0700 INFO Started Main in 3.825 seconds (process running for 4.72)
2024-05-19T19:03:12.813+0700 INFO Initializing Spring DispatcherServlet 'dispatcherServlet'
2024-05-19T19:03:12.813+0700 INFO Initializing Servlet 'dispatcherServlet'
2024-05-19T19:03:12.814+0700 INFO Completed initialization in 1 ms
2024-05-19T19:03:12.856+0700 WARN Resolved [org.springframework.web.servlet.resource.NoResourceFoundException: No static resource favicon.ico.]
2024-05-19T19:03:13.908+0700 INFO Получение сущности из БД BackfillWell(id=1, active=true, objectType=AREA, well=6, stage=1, resourceForEngSurvey=10, resourceForLabResearch=10, resourceForEngSurveyReport=10, resourceForWorkDoc=10, resourceForProjDoc=21, resourceForEstDoc=21)
2024-05-19T19:05:51.547+0700 WARN HikariPool-1 - Thread starvation or clock leap detected (housekeeper delta=2m52s227ms303µs600ns).
2024-05-19T19:05:51.551+0700 INFO Отработал wrapper null
2024-05-19T19:05:51.557+0700 WARN Resolved [java.lang.NullPointerException: Cannot invoke "org.springframework.cache.Cache$ValueWrapper.get()" because "wrapper" is null]
2024-05-19T19:05:51.589+0700 WARN Resolved [org.springframework.web.servlet.resource.NoResourceFoundException: No static resource favicon.ico.]
2024-05-19T19:05:51.615+0700 INFO Closing JPA EntityManagerFactory for persistence unit 'default'
2024-05-19T19:05:51.615+0700 WARN Invocation of destroy method failed on bean with name 'inMemoryDatabaseShutdownExecutor': org.h2.jdbc.JdbcSQLNonTransientConnectionException: База данных уже закрыта (чтобы отключить автоматическое закрытие базы данных при останове JVM, добавьте ";DB_CLOSE_ON_EXIT=FALSE" в URL)
Database is already closed (to disable automatic closing at VM shutdown, add ";DB_CLOSE_ON_EXIT=FALSE" to the db URL) [90121-224]
2024-05-19T19:05:51.615+0700 INFO HikariPool-1 - Shutdown initiated...
2024-05-19T19:05:51.615+0700 INFO HikariPool-1 - Shutdown completed.
