2024-05-10T10:40:12.903+0700 INFO info message
2024-05-10T10:40:12.903+0700 ERROR info message
2024-05-10T10:40:12.997+0700 INFO info message
2024-05-10T10:40:12.997+0700 ERROR info message
2024-05-10T10:40:13.283+0700 INFO HV000001: Hibernate Validator 8.0.1.Final
2024-05-10T10:40:13.312+0700 INFO Starting Main using Java 19.0.1 with PID 17876 (E:\MyJob\calendar_api\target\classes started by Тагир in E:\MyJob\calendar_api)
2024-05-10T10:40:13.316+0700 INFO No active profile set, falling back to 1 default profile: "default"
2024-05-10T10:40:13.541+0700 INFO Devtools property defaults active! Set 'spring.devtools.add-properties' to 'false' to disable
2024-05-10T10:40:13.557+0700 INFO For additional web related logging consider setting the 'logging.level.web' property to 'DEBUG'
2024-05-10T10:40:14.297+0700 INFO Bootstrapping Spring Data JPA repositories in DEFAULT mode.
2024-05-10T10:40:14.375+0700 INFO Finished Spring Data repository scanning in 66 ms. Found 10 JPA repository interfaces.
2024-05-10T10:40:14.808+0700 INFO Tomcat initialized with port 8080 (http)
2024-05-10T10:40:14.808+0700 INFO Initializing ProtocolHandler ["http-nio-8080"]
2024-05-10T10:40:14.808+0700 INFO Starting service [Tomcat]
2024-05-10T10:40:14.808+0700 INFO Starting Servlet engine: [Apache Tomcat/10.1.18]
2024-05-10T10:40:14.855+0700 INFO Initializing Spring embedded WebApplicationContext
2024-05-10T10:40:14.855+0700 INFO Root WebApplicationContext: initialization completed in 1298 ms
2024-05-10T10:40:14.968+0700 INFO HHH000204: Processing PersistenceUnitInfo [name: default]
2024-05-10T10:40:15.000+0700 INFO HHH000412: Hibernate ORM core version 6.4.1.Final
2024-05-10T10:40:15.031+0700 INFO HHH000026: Second-level cache disabled
2024-05-10T10:40:15.156+0700 INFO No LoadTimeWeaver setup: ignoring JPA class transformer
2024-05-10T10:40:15.171+0700 INFO HikariPool-1 - Starting...
2024-05-10T10:40:15.301+0700 INFO HikariPool-1 - Added connection org.postgresql.jdbc.PgConnection@5ddc9bb4
2024-05-10T10:40:15.303+0700 INFO HikariPool-1 - Start completed.
2024-05-10T10:40:16.387+0700 INFO HHH000489: No JTA platform available (set 'hibernate.transaction.jta.platform' to enable JTA platform integration)
2024-05-10T10:40:16.567+0700 INFO Initialized JPA EntityManagerFactory for persistence unit 'default'
2024-05-10T10:40:17.123+0700 WARN spring.jpa.open-in-view is enabled by default. Therefore, database queries may be performed during view rendering. Explicitly configure spring.jpa.open-in-view to disable this warning
2024-05-10T10:40:17.123+0700 INFO Adding welcome page template: index
2024-05-10T10:40:17.576+0700 INFO LiveReload server is running on port 35729
2024-05-10T10:40:17.592+0700 INFO Starting ProtocolHandler ["http-nio-8080"]
2024-05-10T10:40:17.623+0700 INFO Tomcat started on port 8080 (http) with context path ''
2024-05-10T10:40:17.623+0700 INFO Started Main in 4.626 seconds (process running for 5.619)
2024-05-10T10:40:25.353+0700 INFO Closing JPA EntityManagerFactory for persistence unit 'default'
2024-05-10T10:40:25.353+0700 INFO HikariPool-1 - Shutdown initiated...
2024-05-10T10:40:25.359+0700 INFO HikariPool-1 - Shutdown completed.
