2024-06-04T08:46:45.524+0700 WARN HikariPool-41 - Thread starvation or clock leap detected (housekeeper delta=9h24m53s775ms952µs300ns).
2024-06-04T09:50:31.754+0700 INFO Restarting due to 1 class path change (0 additions, 1 deletion, 0 modifications)
2024-06-04T09:50:31.754+0700 INFO Stopping ProtocolHandler ["http-nio-8080"]
2024-06-04T09:50:31.770+0700 INFO Closing JPA EntityManagerFactory for persistence unit 'default'
2024-06-04T09:50:31.770+0700 WARN Invocation of destroy method failed on bean with name 'inMemoryDatabaseShutdownExecutor': org.h2.jdbc.JdbcSQLNonTransientConnectionException: База данных уже закрыта (чтобы отключить автоматическое закрытие базы данных при останове JVM, добавьте ";DB_CLOSE_ON_EXIT=FALSE" в URL)
Database is already closed (to disable automatic closing at VM shutdown, add ";DB_CLOSE_ON_EXIT=FALSE" to the db URL) [90121-224]
2024-06-04T09:50:31.770+0700 INFO HikariPool-41 - Shutdown initiated...
2024-06-04T09:50:31.770+0700 INFO HikariPool-41 - Shutdown completed.
2024-06-04T09:50:31.861+0700 INFO info message
2024-06-04T09:50:31.861+0700 ERROR info message
2024-06-04T09:50:31.895+0700 INFO Starting Main using Java 19.0.1 with PID 12532 (E:\MyJob\calendar_api\target\classes started by Тагир in E:\MyJob\calendar_api)
2024-06-04T09:50:31.895+0700 INFO No active profile set, falling back to 1 default profile: "default"
2024-06-04T09:50:32.031+0700 INFO Bootstrapping Spring Data JPA repositories in DEFAULT mode.
2024-06-04T09:50:32.047+0700 INFO Finished Spring Data repository scanning in 18 ms. Found 12 JPA repository interfaces.
2024-06-04T09:50:32.141+0700 INFO Tomcat initialized with port 8080 (http)
2024-06-04T09:50:32.141+0700 INFO Initializing ProtocolHandler ["http-nio-8080"]
2024-06-04T09:50:32.141+0700 INFO Starting service [Tomcat]
2024-06-04T09:50:32.141+0700 INFO Starting Servlet engine: [Apache Tomcat/10.1.18]
2024-06-04T09:50:32.156+0700 INFO Initializing Spring embedded WebApplicationContext
2024-06-04T09:50:32.156+0700 INFO Root WebApplicationContext: initialization completed in 261 ms
2024-06-04T09:50:32.172+0700 INFO HikariPool-42 - Starting...
2024-06-04T09:50:32.172+0700 INFO HikariPool-42 - Added connection conn450: url=jdbc:h2:mem:testdb user=SA
2024-06-04T09:50:32.172+0700 INFO HikariPool-42 - Start completed.
2024-06-04T09:50:32.172+0700 INFO H2 console available at '/h2-console'. Database available at 'jdbc:h2:mem:testdb'
2024-06-04T09:50:32.203+0700 INFO HHH000204: Processing PersistenceUnitInfo [name: default]
2024-06-04T09:50:32.203+0700 INFO HHH000026: Second-level cache disabled
2024-06-04T09:50:32.203+0700 INFO No LoadTimeWeaver setup: ignoring JPA class transformer
2024-06-04T09:50:32.203+0700 WARN HHH90000025: H2Dialect does not need to be specified explicitly using 'hibernate.dialect' (remove the property setting and it will be selected by default)
2024-06-04T09:50:32.418+0700 INFO HHH000489: No JTA platform available (set 'hibernate.transaction.jta.platform' to enable JTA platform integration)
2024-06-04T09:50:32.421+0700 INFO Initialized JPA EntityManagerFactory for persistence unit 'default'
2024-06-04T09:50:32.759+0700 WARN spring.jpa.open-in-view is enabled by default. Therefore, database queries may be performed during view rendering. Explicitly configure spring.jpa.open-in-view to disable this warning
2024-06-04T09:50:32.774+0700 INFO Adding welcome page template: index
2024-06-04T09:50:32.931+0700 INFO LiveReload server is running on port 35729
2024-06-04T09:50:32.946+0700 INFO Starting ProtocolHandler ["http-nio-8080"]
2024-06-04T09:50:32.946+0700 INFO Tomcat started on port 8080 (http) with context path ''
2024-06-04T09:50:32.946+0700 INFO Started Main in 1.082 seconds (process running for 60627.634)
2024-06-04T09:50:32.946+0700 INFO Condition evaluation unchanged
2024-06-04T09:50:35.370+0700 INFO Restarting due to 1 class path change (1 addition, 0 deletions, 0 modifications)
2024-06-04T09:50:35.370+0700 INFO Stopping ProtocolHandler ["http-nio-8080"]
2024-06-04T09:50:35.386+0700 INFO Closing JPA EntityManagerFactory for persistence unit 'default'
2024-06-04T09:50:35.386+0700 WARN Invocation of destroy method failed on bean with name 'inMemoryDatabaseShutdownExecutor': org.h2.jdbc.JdbcSQLNonTransientConnectionException: База данных уже закрыта (чтобы отключить автоматическое закрытие базы данных при останове JVM, добавьте ";DB_CLOSE_ON_EXIT=FALSE" в URL)
Database is already closed (to disable automatic closing at VM shutdown, add ";DB_CLOSE_ON_EXIT=FALSE" to the db URL) [90121-224]
2024-06-04T09:50:35.386+0700 INFO HikariPool-42 - Shutdown initiated...
2024-06-04T09:50:35.386+0700 INFO HikariPool-42 - Shutdown completed.
2024-06-04T09:50:35.464+0700 INFO info message
2024-06-04T09:50:35.464+0700 ERROR info message
2024-06-04T09:50:35.495+0700 INFO Starting Main using Java 19.0.1 with PID 12532 (E:\MyJob\calendar_api\target\classes started by Тагир in E:\MyJob\calendar_api)
2024-06-04T09:50:35.495+0700 INFO No active profile set, falling back to 1 default profile: "default"
2024-06-04T09:50:35.633+0700 INFO Bootstrapping Spring Data JPA repositories in DEFAULT mode.
2024-06-04T09:50:35.649+0700 INFO Finished Spring Data repository scanning in 19 ms. Found 12 JPA repository interfaces.
2024-06-04T09:50:35.727+0700 INFO Tomcat initialized with port 8080 (http)
2024-06-04T09:50:35.727+0700 INFO Initializing ProtocolHandler ["http-nio-8080"]
2024-06-04T09:50:35.727+0700 INFO Starting service [Tomcat]
2024-06-04T09:50:35.727+0700 INFO Starting Servlet engine: [Apache Tomcat/10.1.18]
2024-06-04T09:50:35.743+0700 INFO Initializing Spring embedded WebApplicationContext
2024-06-04T09:50:35.743+0700 INFO Root WebApplicationContext: initialization completed in 248 ms
2024-06-04T09:50:35.743+0700 INFO HikariPool-43 - Starting...
2024-06-04T09:50:35.758+0700 INFO HikariPool-43 - Added connection conn460: url=jdbc:h2:mem:testdb user=SA
2024-06-04T09:50:35.758+0700 INFO HikariPool-43 - Start completed.
2024-06-04T09:50:35.758+0700 INFO H2 console available at '/h2-console'. Database available at 'jdbc:h2:mem:testdb'
2024-06-04T09:50:35.774+0700 INFO HHH000204: Processing PersistenceUnitInfo [name: default]
2024-06-04T09:50:35.774+0700 INFO HHH000026: Second-level cache disabled
2024-06-04T09:50:35.790+0700 INFO No LoadTimeWeaver setup: ignoring JPA class transformer
2024-06-04T09:50:35.790+0700 WARN HHH90000025: H2Dialect does not need to be specified explicitly using 'hibernate.dialect' (remove the property setting and it will be selected by default)
2024-06-04T09:50:35.977+0700 INFO HHH000489: No JTA platform available (set 'hibernate.transaction.jta.platform' to enable JTA platform integration)
2024-06-04T09:50:35.994+0700 INFO Initialized JPA EntityManagerFactory for persistence unit 'default'
2024-06-04T09:50:36.234+0700 WARN spring.jpa.open-in-view is enabled by default. Therefore, database queries may be performed during view rendering. Explicitly configure spring.jpa.open-in-view to disable this warning
2024-06-04T09:50:36.234+0700 INFO Adding welcome page template: index
2024-06-04T09:50:36.343+0700 INFO LiveReload server is running on port 35729
2024-06-04T09:50:36.359+0700 INFO Starting ProtocolHandler ["http-nio-8080"]
2024-06-04T09:50:36.359+0700 INFO Tomcat started on port 8080 (http) with context path ''
2024-06-04T09:50:36.359+0700 INFO Started Main in 0.895 seconds (process running for 60631.049)
2024-06-04T09:50:36.359+0700 INFO Condition evaluation unchanged
2024-06-04T09:50:38.726+0700 INFO Closing JPA EntityManagerFactory for persistence unit 'default'
2024-06-04T09:50:38.726+0700 WARN Invocation of destroy method failed on bean with name 'inMemoryDatabaseShutdownExecutor': org.h2.jdbc.JdbcSQLNonTransientConnectionException: База данных уже закрыта (чтобы отключить автоматическое закрытие базы данных при останове JVM, добавьте ";DB_CLOSE_ON_EXIT=FALSE" в URL)
Database is already closed (to disable automatic closing at VM shutdown, add ";DB_CLOSE_ON_EXIT=FALSE" to the db URL) [90121-224]
2024-06-04T09:50:38.726+0700 INFO HikariPool-43 - Shutdown initiated...
2024-06-04T09:50:38.726+0700 INFO HikariPool-43 - Shutdown completed.
